c:\users\yorke\source\projects\action rpg\action-rpg\simpleactionrpg\x64\debug\vc141.pdb
c:\users\yorke\source\projects\action rpg\action-rpg\simpleactionrpg\x64\debug\vc141.idb
c:\users\yorke\source\projects\action rpg\action-rpg\simpleactionrpg\x64\debug\object.obj
c:\users\yorke\source\projects\action rpg\action-rpg\simpleactionrpg\x64\debug\meleeweapon.obj
c:\users\yorke\source\projects\action rpg\action-rpg\simpleactionrpg\x64\debug\main.obj
c:\users\yorke\source\projects\action rpg\action-rpg\simpleactionrpg\x64\debug\graphics.obj
c:\users\yorke\source\projects\action rpg\action-rpg\simpleactionrpg\x64\debug\gamestate.obj
c:\users\yorke\source\projects\action rpg\action-rpg\simpleactionrpg\x64\debug\event.obj
c:\users\yorke\source\projects\action rpg\action-rpg\simpleactionrpg\x64\debug\circleobject.obj
c:\users\yorke\source\projects\action rpg\action-rpg\simpleactionrpg\x64\debug\animatedsprite.obj
c:\users\yorke\source\projects\action rpg\action-rpg\simpleactionrpg\x64\debug\vector2d.obj
c:\users\yorke\source\projects\action rpg\action-rpg\simpleactionrpg\x64\debug\state.obj
c:\users\yorke\source\projects\action rpg\action-rpg\simpleactionrpg\x64\debug\sprite.obj
c:\users\yorke\source\projects\action rpg\action-rpg\simpleactionrpg\x64\debug\rectangleobject.obj
c:\users\yorke\source\projects\action rpg\action-rpg\simpleactionrpg\x64\debug\playercharacter.obj
c:\users\yorke\source\projects\action rpg\action-rpg\simpleactionrpg\x64\debug\movingstate.obj
c:\users\yorke\source\projects\action rpg\action-rpg\simpleactionrpg\x64\debug\meleeattackstate.obj
c:\users\yorke\source\projects\action rpg\action-rpg\simpleactionrpg\x64\debug\map.obj
c:\users\yorke\source\projects\action rpg\action-rpg\simpleactionrpg\x64\debug\light.obj
c:\users\yorke\source\projects\action rpg\action-rpg\simpleactionrpg\x64\debug\idlestate.obj
c:\users\yorke\source\projects\action rpg\action-rpg\simpleactionrpg\x64\debug\enemy.obj
c:\users\yorke\source\projects\action rpg\action-rpg\simpleactionrpg\x64\debug\clock.obj
c:\users\yorke\source\projects\action rpg\action-rpg\simpleactionrpg\x64\debug\changemapevent.obj
c:\users\yorke\source\projects\action rpg\action-rpg\simpleactionrpg\x64\debug\camera.obj
c:\users\yorke\source\projects\action rpg\action-rpg\simpleactionrpg\x64\debug\simpleactionrpg.tlog\cl.command.1.tlog
c:\users\yorke\source\projects\action rpg\action-rpg\simpleactionrpg\x64\debug\simpleactionrpg.tlog\cl.read.1.tlog
c:\users\yorke\source\projects\action rpg\action-rpg\simpleactionrpg\x64\debug\simpleactionrpg.tlog\cl.write.1.tlog
